# JRE version: OpenJDK Runtime Environment (11.0.10) (build 11.0.10+0-b96-7249189)
# Java VM: OpenJDK 64-Bit Server VM (11.0.10+0-b96-7249189, mixed mode, tiered, compressed oops, g1 gc, windows-amd64)
Heap:
 garbage-first heap   total 258048K, used 108588K [0x0000000080000000, 0x0000000100000000)
  region size 1024K, 66 young (67584K), 3 survivors (3072K)
 Metaspace       used 64291K, capacity 65840K, committed 66124K, reserved 1105920K
  class space    used 8140K, capacity 8677K, committed 8780K, reserved 1048576K
GC Heap History (14 events):
Event: 1.222 GC heap before
{Heap before GC invocations=0 (full 0):
 garbage-first heap   total 258048K, used 29696K [0x0000000080000000, 0x0000000100000000)
  region size 1024K, 24 young (24576K), 0 survivors (0K)
 Metaspace       used 9795K, capacity 9990K, committed 10112K, reserved 1058816K
  class space    used 1022K, capacity 1102K, committed 1152K, reserved 1048576K
}
Event: 1.228 GC heap after
{Heap after GC invocations=1 (full 0):
 garbage-first heap   total 258048K, used 9188K [0x0000000080000000, 0x0000000100000000)
  region size 1024K, 3 young (3072K), 3 survivors (3072K)
 Metaspace       used 9795K, capacity 9990K, committed 10112K, reserved 1058816K
  class space    used 1022K, capacity 1102K, committed 1152K, reserved 1048576K
}
Event: 4.618 GC heap before
{Heap before GC invocations=1 (full 0):
 garbage-first heap   total 258048K, used 105444K [0x0000000080000000, 0x0000000100000000)
  region size 1024K, 98 young (100352K), 3 survivors (3072K)
 Metaspace       used 20607K, capacity 21140K, committed 21248K, reserved 1067008K
  class space    used 2528K, capacity 2727K, committed 2816K, reserved 1048576K
}
Event: 4.630 GC heap after
{Heap after GC invocations=2 (full 0):
 garbage-first heap   total 258048K, used 17101K [0x0000000080000000, 0x0000000100000000)
  region size 1024K, 11 young (11264K), 11 survivors (11264K)
 Metaspace       used 20607K, capacity 21140K, committed 21248K, reserved 1067008K
  class space    used 2528K, capacity 2727K, committed 2816K, reserved 1048576K
}
Event: 5.727 GC heap before
{Heap before GC invocations=3 (full 0):
 garbage-first heap   total 258048K, used 83661K [0x0000000080000000, 0x0000000100000000)
  region size 1024K, 77 young (78848K), 11 survivors (11264K)
 Metaspace       used 26905K, capacity 27577K, committed 27648K, reserved 1073152K
  class space    used 3550K, capacity 3793K, committed 3840K, reserved 1048576K
}
Event: 5.736 GC heap after
{Heap after GC invocations=4 (full 0):
 garbage-first heap   total 258048K, used 19041K [0x0000000080000000, 0x0000000100000000)
  region size 1024K, 3 young (3072K), 3 survivors (3072K)
 Metaspace       used 26905K, capacity 27577K, committed 27648K, reserved 1073152K
  class space    used 3550K, capacity 3793K, committed 3840K, reserved 1048576K
}
Event: 6.716 GC heap before
{Heap before GC invocations=4 (full 0):
 garbage-first heap   total 258048K, used 62049K [0x0000000080000000, 0x0000000100000000)
  region size 1024K, 46 young (47104K), 3 survivors (3072K)
 Metaspace       used 35029K, capacity 35834K, committed 35840K, reserved 1081344K
  class space    used 4542K, capacity 4864K, committed 4864K, reserved 1048576K
}
Event: 6.728 GC heap after
{Heap after GC invocations=5 (full 0):
 garbage-first heap   total 258048K, used 21912K [0x0000000080000000, 0x0000000100000000)
  region size 1024K, 6 young (6144K), 6 survivors (6144K)
 Metaspace       used 35029K, capacity 35834K, committed 35840K, reserved 1081344K
  class space    used 4542K, capacity 4864K, committed 4864K, reserved 1048576K
}
Event: 9.181 GC heap before
{Heap before GC invocations=6 (full 0):
 garbage-first heap   total 258048K, used 135576K [0x0000000080000000, 0x0000000100000000)
  region size 1024K, 114 young (116736K), 6 survivors (6144K)
 Metaspace       used 43942K, capacity 44941K, committed 45184K, reserved 1089536K
  class space    used 5640K, capacity 5971K, committed 6016K, reserved 1048576K
}
Event: 9.193 GC heap after
{Heap after GC invocations=7 (full 0):
 garbage-first heap   total 258048K, used 28419K [0x0000000080000000, 0x0000000100000000)
  region size 1024K, 12 young (12288K), 12 survivors (12288K)
 Metaspace       used 43942K, capacity 44941K, committed 45184K, reserved 1089536K
  class space    used 5640K, capacity 5971K, committed 6016K, reserved 1048576K
}
Event: 19.250 GC heap before
{Heap before GC invocations=7 (full 0):
 garbage-first heap   total 258048K, used 162563K [0x0000000080000000, 0x0000000100000000)
  region size 1024K, 140 young (143360K), 12 survivors (12288K)
 Metaspace       used 56999K, capacity 58460K, committed 58624K, reserved 1099776K
  class space    used 7175K, capacity 7659K, committed 7680K, reserved 1048576K
}
Event: 19.275 GC heap after
{Heap after GC invocations=8 (full 0):
 garbage-first heap   total 258048K, used 43208K [0x0000000080000000, 0x0000000100000000)
  region size 1024K, 18 young (18432K), 18 survivors (18432K)
 Metaspace       used 56999K, capacity 58460K, committed 58624K, reserved 1099776K
  class space    used 7175K, capacity 7659K, committed 7680K, reserved 1048576K
}
Event: 19.790 GC heap before
{Heap before GC invocations=8 (full 0):
 garbage-first heap   total 258048K, used 52424K [0x0000000080000000, 0x0000000100000000)
  region size 1024K, 28 young (28672K), 18 survivors (18432K)
 Metaspace       used 58652K, capacity 60089K, committed 60160K, reserved 1101824K
  class space    used 7410K, capacity 7927K, committed 7936K, reserved 1048576K
}
Event: 19.827 GC heap after
{Heap after GC invocations=9 (full 0):
 garbage-first heap   total 258048K, used 45100K [0x0000000080000000, 0x0000000100000000)
  region size 1024K, 3 young (3072K), 3 survivors (3072K)
 Metaspace       used 58652K, capacity 60089K, committed 60160K, reserved 1101824K
  class space    used 7410K, capacity 7927K, committed 7936K, reserved 1048576K
}

